# name: PyExc_AssertionError 
PyExc_AssertionError